<?xml version="1.0" encoding="UTF-8"?>
<!-- Generated by org.testng.reporters.JUnitReportReporter -->
<testsuite skipped="0" hostname="HP" name="mavenforjenkins.UITest" tests="1" failures="0" timestamp="2023-01-02T20:07:43 IST" time="46.628" errors="0">
  <testcase name="startBrowser" time="46.628" classname="mavenforjenkins.UITest"/>
  <system-out/>
</testsuite> <!-- mavenforjenkins.UITest -->
